<?xml version="1.0" encoding="UTF-8"?>
<beans xmlns="http://www.springframework.org/schema/beans"
       xmlns:xsi="http://www.w3.org/2001/XMLSchema-instance"
       xsi:schemaLocation="http://www.springframework.org/schema/beans
       http://www.springframework.org/schema/beans/spring-beans.xsd"
       default-autowire="byName">

    <!-- 引入配置文件 -->
    <bean id="dbPlaceholderConfig" class="org.springframework.beans.factory.config.PropertyPlaceholderConfigurer">
        <property name="ignoreUnresolvablePlaceholders" value="true" />
        <property name="ignoreResourceNotFound" value="true"/>
        <property name="locations">
            <list>
                <value>test-cache.properties</value>
            </list>
        </property>
    </bean>


</beans>